<?xml version="1.0" encoding="UTF-8"?>
<testsuite xmlns:xsi="http://www.w3.org/2001/XMLSchema-instance" xsi:noNamespaceSchemaLocation="https://maven.apache.org/surefire/maven-surefire-plugin/xsd/surefire-test-report.xsd" name="edu.zhuravlev.sql.example.EntityAnalyserTest" time="0.053" tests="4" errors="0" skipped="0" failures="0">
  <properties>
[...]
</properties>
  <testcase name="getFieldsNameAndType" classname="edu.zhuravlev.sql.example.EntityAnalyserTest" time="0.032"/>
  <testcase name="getId" classname="edu.zhuravlev.sql.example.EntityAnalyserTest" time="0"/>
  <testcase name="setFields" classname="edu.zhuravlev.sql.example.EntityAnalyserTest" time="0.001"/>
  <testcase name="getValues" classname="edu.zhuravlev.sql.example.EntityAnalyserTest" time="0.001"/>
</testsuite>